2026-07-21 14:59:26,032 INFO Loop thread started
2026-07-21 14:59:27,452 INFO [31m[1mWARNING: This is a development server. Do not use it in a production deployment. Use a production WSGI server instead.[0m
 * Running on all addresses (0.0.0.0)
 * Running on http://127.0.0.1:5000
 * Running on http://192.168.18.16:5000
2026-07-21 14:59:27,453 INFO [33mPress CTRL+C to quit[0m
2026-07-21 14:59:28,156 INFO Version check: loaded=v2, registry=v2
2026-07-21 14:59:28,156 INFO Downloading prices...
2026-07-21 14:59:29,407 INFO Got 72 price points
2026-07-21 14:59:29,407 INFO Making prediction...
2026-07-21 14:59:29,467 INFO Signal: HOLD | Gain: 0.000% | Mejor: $66,410.35
2026-07-21 14:59:29,468 INFO Sleeping 180s...
2026-07-21 14:59:51,572 INFO 127.0.0.1 - - [21/Jul/2026 14:59:51] "GET / HTTP/1.1" 200 -
2026-07-21 15:00:12,285 INFO 127.0.0.1 - - [21/Jul/2026 15:00:12] "GET / HTTP/1.1" 200 -
2026-07-21 15:00:22,711 INFO 127.0.0.1 - - [21/Jul/2026 15:00:22] "GET /signal HTTP/1.1" 200 -
2026-07-21 15:02:09,241 INFO 192.168.18.16 - - [21/Jul/2026 15:02:09] "GET /signal HTTP/1.1" 200 -
2026-07-21 15:02:31,758 INFO Version check: loaded=v2, registry=v2
2026-07-21 15:02:31,758 INFO Downloading prices...
2026-07-21 15:02:32,370 INFO Got 72 price points
2026-07-21 15:02:32,370 INFO Making prediction...
2026-07-21 15:02:32,375 INFO Signal: HOLD | Gain: 0.000% | Mejor: $66,372.00
2026-07-21 15:02:32,375 INFO Sleeping 180s...
2026-07-21 15:05:34,546 INFO Version check: loaded=v2, registry=v2
2026-07-21 15:05:34,547 INFO Downloading prices...
2026-07-21 15:05:35,147 INFO Got 72 price points
2026-07-21 15:05:35,147 INFO Making prediction...
2026-07-21 15:05:35,152 INFO Signal: HOLD | Gain: 0.000% | Mejor: $66,420.41
2026-07-21 15:05:35,152 INFO Sleeping 180s...
2026-07-21 15:06:32,524 INFO 127.0.0.1 - - [21/Jul/2026 15:06:32] "GET /signal HTTP/1.1" 200 -
2026-07-21 15:06:49,449 INFO 127.0.0.1 - - [21/Jul/2026 15:06:49] "GET /signal HTTP/1.1" 200 -
2026-07-21 15:07:02,602 INFO 127.0.0.1 - - [21/Jul/2026 15:07:02] "GET /signal HTTP/1.1" 200 -
2026-07-21 15:08:37,287 INFO Version check: loaded=v2, registry=v2
2026-07-21 15:08:37,288 INFO Downloading prices...
2026-07-21 15:08:37,936 INFO Got 72 price points
2026-07-21 15:08:37,936 INFO Making prediction...
2026-07-21 15:08:37,940 INFO Signal: HOLD | Gain: 0.000% | Mejor: $66,410.85
2026-07-21 15:08:37,940 INFO Sleeping 180s...
2026-07-21 15:11:40,051 INFO Version check: loaded=v2, registry=v2
2026-07-21 15:11:40,051 INFO Downloading prices...
2026-07-21 15:11:40,707 INFO Got 72 price points
2026-07-21 15:11:40,707 INFO Making prediction...
2026-07-21 15:11:40,722 INFO Signal: HOLD | Gain: 0.000% | Mejor: $66,408.58
2026-07-21 15:11:40,723 INFO Sleeping 180s...
2026-07-21 15:14:42,940 INFO Version check: loaded=v2, registry=v2
2026-07-21 15:14:42,940 INFO Downloading prices...
2026-07-21 15:14:43,451 INFO Got 72 price points
2026-07-21 15:14:43,451 INFO Making prediction...
2026-07-21 15:14:43,458 INFO Signal: HOLD | Gain: 0.000% | Mejor: $66,391.67
2026-07-21 15:14:43,458 INFO Sleeping 180s...
2026-07-21 15:17:45,537 INFO Version check: loaded=v2, registry=v2
2026-07-21 15:17:45,537 INFO Downloading prices...
2026-07-21 15:17:46,080 INFO Got 72 price points
2026-07-21 15:17:46,081 INFO Making prediction...
2026-07-21 15:17:46,087 INFO Signal: HOLD | Gain: 0.000% | Mejor: $66,363.56
2026-07-21 15:17:46,088 INFO Sleeping 180s...
2026-07-21 15:20:48,174 INFO Version check: loaded=v2, registry=v2
2026-07-21 15:20:48,175 INFO Downloading prices...
2026-07-21 15:20:48,917 INFO Got 72 price points
2026-07-21 15:20:48,922 INFO Making prediction...
2026-07-21 15:20:48,947 INFO Signal: HOLD | Gain: 0.000% | Mejor: $66,357.13
2026-07-21 15:20:48,947 INFO Sleeping 180s...
2026-07-21 15:23:51,043 INFO Version check: loaded=v2, registry=v2
2026-07-21 15:23:51,043 INFO Downloading prices...
2026-07-21 15:23:51,679 INFO Got 72 price points
2026-07-21 15:23:51,679 INFO Making prediction...
2026-07-21 15:23:51,699 INFO Signal: HOLD | Gain: 0.000% | Mejor: $66,332.00
2026-07-21 15:23:51,700 INFO Sleeping 180s...
2026-07-21 15:26:53,841 INFO Version check: loaded=v2, registry=v2
2026-07-21 15:26:53,842 INFO Downloading prices...
2026-07-21 15:26:54,415 INFO Got 72 price points
2026-07-21 15:26:54,415 INFO Making prediction...
2026-07-21 15:26:54,428 INFO Signal: HOLD | Gain: 0.000% | Mejor: $66,346.02
2026-07-21 15:26:54,428 INFO Sleeping 180s...
2026-07-21 15:29:56,499 INFO Version check: loaded=v2, registry=v2
2026-07-21 15:29:56,499 INFO Downloading prices...
2026-07-21 15:29:57,157 INFO Got 72 price points
2026-07-21 15:29:57,157 INFO Making prediction...
2026-07-21 15:29:57,164 INFO Signal: HOLD | Gain: 0.000% | Mejor: $66,359.33
2026-07-21 15:29:57,164 INFO Sleeping 180s...
2026-07-21 15:32:59,270 INFO Version check: loaded=v2, registry=v2
2026-07-21 15:32:59,270 INFO Downloading prices...
2026-07-21 15:32:59,870 INFO Got 72 price points
2026-07-21 15:32:59,871 INFO Making prediction...
2026-07-21 15:32:59,886 INFO Signal: HOLD | Gain: 0.000% | Mejor: $66,382.01
2026-07-21 15:32:59,887 INFO Sleeping 180s...
2026-07-21 15:36:02,010 INFO Version check: loaded=v2, registry=v2
2026-07-21 15:36:02,010 INFO Downloading prices...
2026-07-21 15:36:02,702 INFO Got 72 price points
2026-07-21 15:36:02,702 INFO Making prediction...
2026-07-21 15:36:02,718 INFO Signal: HOLD | Gain: 0.000% | Mejor: $66,422.85
2026-07-21 15:36:02,720 INFO Sleeping 180s...
2026-07-21 15:39:04,840 INFO Version check: loaded=v2, registry=v2
2026-07-21 15:39:04,840 INFO Downloading prices...
2026-07-21 15:39:05,525 INFO Got 72 price points
2026-07-21 15:39:05,525 INFO Making prediction...
2026-07-21 15:39:05,541 INFO Signal: HOLD | Gain: 0.000% | Mejor: $66,437.98
2026-07-21 15:39:05,541 INFO Sleeping 180s...
2026-07-21 15:42:07,664 INFO Version check: loaded=v2, registry=v2
2026-07-21 15:42:07,665 INFO Downloading prices...
2026-07-21 15:42:08,211 INFO Got 72 price points
2026-07-21 15:42:08,212 INFO Making prediction...
2026-07-21 15:42:08,244 INFO Signal: HOLD | Gain: 0.000% | Mejor: $66,417.56
2026-07-21 15:42:08,245 INFO Sleeping 180s...
2026-07-21 15:45:10,329 INFO Version check: loaded=v2, registry=v2
2026-07-21 15:45:10,329 INFO Downloading prices...
2026-07-21 15:45:10,959 INFO Got 72 price points
2026-07-21 15:45:10,959 INFO Making prediction...
2026-07-21 15:45:10,965 INFO Signal: HOLD | Gain: 0.000% | Mejor: $66,423.73
2026-07-21 15:45:10,966 INFO Sleeping 180s...
2026-07-21 15:48:13,069 INFO Version check: loaded=v2, registry=v2
2026-07-21 15:48:13,069 INFO Downloading prices...
2026-07-21 15:48:13,723 INFO Got 72 price points
2026-07-21 15:48:13,723 INFO Making prediction...
2026-07-21 15:48:13,737 INFO Signal: HOLD | Gain: 0.000% | Mejor: $66,398.99
2026-07-21 15:48:13,737 INFO Sleeping 180s...
2026-07-21 15:51:15,836 INFO Version check: loaded=v2, registry=v2
2026-07-21 15:51:15,836 INFO Downloading prices...
2026-07-21 15:51:16,528 INFO Got 72 price points
2026-07-21 15:51:16,528 INFO Making prediction...
2026-07-21 15:51:16,532 INFO Signal: HOLD | Gain: 0.000% | Mejor: $66,393.75
2026-07-21 15:51:16,532 INFO Sleeping 180s...
2026-07-21 15:54:18,630 INFO Version check: loaded=v2, registry=v2
2026-07-21 15:54:18,630 INFO Downloading prices...
2026-07-21 15:54:19,282 INFO Got 72 price points
2026-07-21 15:54:19,283 INFO Making prediction...
2026-07-21 15:54:19,292 INFO Signal: HOLD | Gain: 0.000% | Mejor: $66,389.47
2026-07-21 15:54:19,293 INFO Sleeping 180s...
2026-07-21 15:57:21,385 INFO Version check: loaded=v2, registry=v2
2026-07-21 15:57:21,385 INFO Downloading prices...
2026-07-21 15:57:21,999 INFO Got 72 price points
2026-07-21 15:57:21,999 INFO Making prediction...
2026-07-21 15:57:22,004 INFO Signal: HOLD | Gain: 0.000% | Mejor: $66,384.99
2026-07-21 15:57:22,005 INFO Sleeping 180s...
2026-07-21 16:00:24,103 INFO Version check: loaded=v2, registry=v2
2026-07-21 16:00:24,103 INFO Downloading prices...
2026-07-21 16:00:24,752 INFO Got 72 price points
2026-07-21 16:00:24,753 INFO Making prediction...
2026-07-21 16:00:24,761 INFO Signal: HOLD | Gain: 0.000% | Mejor: $66,323.66
2026-07-21 16:00:24,761 INFO Sleeping 180s...
2026-07-21 16:03:26,896 INFO Version check: loaded=v2, registry=v2
2026-07-21 16:03:26,896 INFO Downloading prices...
2026-07-21 16:03:27,552 INFO Got 72 price points
2026-07-21 16:03:27,553 INFO Making prediction...
2026-07-21 16:03:27,566 INFO Signal: HOLD | Gain: 0.000% | Mejor: $66,303.62
2026-07-21 16:03:27,567 INFO Sleeping 180s...
2026-07-21 16:06:29,637 INFO Version check: loaded=v2, registry=v2
2026-07-21 16:06:29,637 INFO Downloading prices...
2026-07-21 16:06:30,268 INFO Got 72 price points
2026-07-21 16:06:30,268 INFO Making prediction...
2026-07-21 16:06:30,278 INFO Signal: HOLD | Gain: 0.000% | Mejor: $66,302.69
2026-07-21 16:06:30,278 INFO Sleeping 180s...
2026-07-21 16:09:32,395 INFO Version check: loaded=v2, registry=v2
2026-07-21 16:09:32,395 INFO Downloading prices...
2026-07-21 16:09:33,060 INFO Got 72 price points
2026-07-21 16:09:33,060 INFO Making prediction...
2026-07-21 16:09:33,092 INFO Signal: HOLD | Gain: 0.000% | Mejor: $66,323.61
2026-07-21 16:09:33,093 INFO Sleeping 180s...
2026-07-21 16:12:35,164 INFO Version check: loaded=v2, registry=v2
2026-07-21 16:12:35,164 INFO Downloading prices...
2026-07-21 16:12:36,099 INFO Got 72 price points
2026-07-21 16:12:36,099 INFO Making prediction...
2026-07-21 16:12:36,110 INFO Signal: HOLD | Gain: 0.000% | Mejor: $66,324.30
2026-07-21 16:12:36,110 INFO Sleeping 180s...
2026-07-21 16:15:38,184 INFO Version check: loaded=v2, registry=v2
2026-07-21 16:15:38,184 INFO Downloading prices...
2026-07-21 16:15:38,634 INFO Got 72 price points
2026-07-21 16:15:38,634 INFO Making prediction...
2026-07-21 16:15:38,656 INFO Signal: HOLD | Gain: 0.000% | Mejor: $66,343.69
2026-07-21 16:15:38,658 INFO Sleeping 180s...
2026-07-21 16:18:40,757 INFO Version check: loaded=v2, registry=v2
2026-07-21 16:18:40,757 INFO Downloading prices...
2026-07-21 16:18:41,464 INFO Got 72 price points
2026-07-21 16:18:41,468 INFO Making prediction...
2026-07-21 16:18:41,480 INFO Signal: HOLD | Gain: 0.000% | Mejor: $66,316.00
2026-07-21 16:18:41,480 INFO Sleeping 180s...
2026-07-21 16:21:43,620 INFO Version check: loaded=v2, registry=v2
2026-07-21 16:21:43,620 INFO Downloading prices...
2026-07-21 16:21:44,316 INFO Got 72 price points
2026-07-21 16:21:44,317 INFO Making prediction...
2026-07-21 16:21:44,327 INFO Signal: HOLD | Gain: 0.000% | Mejor: $66,306.98
2026-07-21 16:21:44,328 INFO Sleeping 180s...
2026-07-21 16:24:46,435 INFO Version check: loaded=v2, registry=v2
2026-07-21 16:24:46,435 INFO Downloading prices...
2026-07-21 16:24:47,115 INFO Got 72 price points
2026-07-21 16:24:47,118 INFO Making prediction...
2026-07-21 16:24:47,133 INFO Signal: HOLD | Gain: 0.000% | Mejor: $66,314.34
2026-07-21 16:24:47,133 INFO Sleeping 180s...
2026-07-21 16:27:49,248 INFO Version check: loaded=v2, registry=v2
2026-07-21 16:27:49,248 INFO Downloading prices...
2026-07-21 16:27:49,834 INFO Got 72 price points
2026-07-21 16:27:49,834 INFO Making prediction...
2026-07-21 16:27:49,849 INFO Signal: HOLD | Gain: 0.000% | Mejor: $66,286.86
2026-07-21 16:27:49,849 INFO Sleeping 180s...
2026-07-21 16:30:51,994 INFO Version check: loaded=v2, registry=v2
2026-07-21 16:30:51,994 INFO Downloading prices...
2026-07-21 16:30:52,520 INFO Got 72 price points
2026-07-21 16:30:52,520 INFO Making prediction...
2026-07-21 16:30:52,555 INFO Signal: HOLD | Gain: 0.000% | Mejor: $66,269.99
2026-07-21 16:30:52,556 INFO Sleeping 180s...
2026-07-21 16:33:54,687 INFO Version check: loaded=v2, registry=v2
2026-07-21 16:33:54,687 INFO Downloading prices...
2026-07-21 16:33:55,481 INFO Got 72 price points
2026-07-21 16:33:55,483 INFO Making prediction...
2026-07-21 16:33:55,523 INFO Signal: HOLD | Gain: 0.000% | Mejor: $66,252.18
2026-07-21 16:33:55,524 INFO Sleeping 180s...
2026-07-21 16:36:57,657 INFO Version check: loaded=v2, registry=v2
2026-07-21 16:36:57,657 INFO Downloading prices...
2026-07-21 16:36:58,260 INFO Got 72 price points
2026-07-21 16:36:58,260 INFO Making prediction...
2026-07-21 16:36:58,267 INFO Signal: HOLD | Gain: 0.000% | Mejor: $66,311.63
2026-07-21 16:36:58,268 INFO Sleeping 180s...
2026-07-21 16:40:00,339 INFO Version check: loaded=v2, registry=v2
2026-07-21 16:40:00,339 INFO Downloading prices...
2026-07-21 16:40:00,891 INFO Got 72 price points
2026-07-21 16:40:00,891 INFO Making prediction...
2026-07-21 16:40:00,907 INFO Signal: HOLD | Gain: 0.000% | Mejor: $66,299.83
2026-07-21 16:40:00,908 INFO Sleeping 180s...
2026-07-21 16:43:03,001 INFO Version check: loaded=v2, registry=v2
2026-07-21 16:43:03,001 INFO Downloading prices...
2026-07-21 16:43:03,585 INFO Got 72 price points
2026-07-21 16:43:03,585 INFO Making prediction...
2026-07-21 16:43:03,601 INFO Signal: HOLD | Gain: 0.000% | Mejor: $66,288.49
2026-07-21 16:43:03,603 INFO Sleeping 180s...
2026-07-21 16:46:05,727 INFO Version check: loaded=v2, registry=v2
2026-07-21 16:46:05,727 INFO Downloading prices...
2026-07-21 16:46:06,422 INFO Got 72 price points
2026-07-21 16:46:06,426 INFO Making prediction...
2026-07-21 16:46:06,451 INFO Signal: HOLD | Gain: 0.000% | Mejor: $66,316.07
2026-07-21 16:46:06,451 INFO Sleeping 180s...
2026-07-21 16:49:08,580 INFO Version check: loaded=v2, registry=v2
2026-07-21 16:49:08,580 INFO Downloading prices...
2026-07-21 16:49:09,258 INFO Got 72 price points
2026-07-21 16:49:09,259 INFO Making prediction...
2026-07-21 16:49:09,311 INFO Signal: HOLD | Gain: 0.000% | Mejor: $66,329.76
2026-07-21 16:49:09,311 INFO Sleeping 180s...
2026-07-21 16:52:11,471 INFO Version check: loaded=v2, registry=v2
2026-07-21 16:52:11,471 INFO Downloading prices...
2026-07-21 16:52:11,947 INFO Got 72 price points
2026-07-21 16:52:11,948 INFO Making prediction...
2026-07-21 16:52:11,969 INFO Signal: HOLD | Gain: 0.000% | Mejor: $66,336.92
2026-07-21 16:52:11,969 INFO Sleeping 180s...
2026-07-21 16:55:14,047 INFO Version check: loaded=v2, registry=v2
2026-07-21 16:55:14,047 INFO Downloading prices...
2026-07-21 16:55:14,711 INFO Got 72 price points
2026-07-21 16:55:14,711 INFO Making prediction...
2026-07-21 16:55:14,722 INFO Signal: HOLD | Gain: 0.000% | Mejor: $66,308.77
2026-07-21 16:55:14,723 INFO Sleeping 180s...
2026-07-21 16:58:16,809 INFO Version check: loaded=v2, registry=v2
2026-07-21 16:58:16,809 INFO Downloading prices...
2026-07-21 16:58:17,354 INFO Got 72 price points
2026-07-21 16:58:17,354 INFO Making prediction...
2026-07-21 16:58:17,363 INFO Signal: HOLD | Gain: 0.000% | Mejor: $66,321.11
2026-07-21 16:58:17,364 INFO Sleeping 180s...
2026-07-21 17:01:19,440 INFO Version check: loaded=v2, registry=v2
2026-07-21 17:01:19,440 INFO Downloading prices...
2026-07-21 17:01:20,061 INFO Got 72 price points
2026-07-21 17:01:20,061 INFO Making prediction...
2026-07-21 17:01:20,068 INFO Signal: HOLD | Gain: 0.000% | Mejor: $66,300.30
2026-07-21 17:01:20,068 INFO Sleeping 180s...
2026-07-21 17:04:22,155 INFO Version check: loaded=v2, registry=v2
2026-07-21 17:04:22,155 INFO Downloading prices...
2026-07-21 17:04:22,784 INFO Got 72 price points
2026-07-21 17:04:22,784 INFO Making prediction...
2026-07-21 17:04:22,795 INFO Signal: HOLD | Gain: 0.000% | Mejor: $66,345.85
2026-07-21 17:04:22,796 INFO Sleeping 180s...
2026-07-21 17:07:10,926 INFO 127.0.0.1 - - [21/Jul/2026 17:07:10] "GET / HTTP/1.1" 200 -
2026-07-21 17:07:24,892 INFO Version check: loaded=v2, registry=v0
2026-07-21 17:07:24,892 INFO Downloading prices...
2026-07-21 17:07:25,452 INFO Got 72 price points
2026-07-21 17:07:25,453 INFO Making prediction...
2026-07-21 17:07:25,462 INFO Signal: HOLD | Gain: 0.000% | Mejor: $66,279.54
2026-07-21 17:07:25,462 INFO Sleeping 180s...
2026-07-21 17:10:27,538 INFO Version check: loaded=v2, registry=v0
2026-07-21 17:10:27,538 INFO Downloading prices...
2026-07-21 17:10:28,183 INFO Got 72 price points
2026-07-21 17:10:28,183 INFO Making prediction...
2026-07-21 17:10:28,202 INFO Signal: HOLD | Gain: 0.000% | Mejor: $66,310.29
2026-07-21 17:10:28,203 INFO Sleeping 180s...
2026-07-21 17:13:30,304 INFO Version check: loaded=v2, registry=v0
2026-07-21 17:13:30,305 INFO Downloading prices...
2026-07-21 17:13:30,911 INFO Got 72 price points
2026-07-21 17:13:30,911 INFO Making prediction...
2026-07-21 17:13:30,916 INFO Signal: HOLD | Gain: 0.000% | Mejor: $66,270.33
2026-07-21 17:13:30,916 INFO Sleeping 180s...
2026-07-21 17:16:33,075 INFO Version check: loaded=v2, registry=v0
2026-07-21 17:16:33,075 INFO Downloading prices...
2026-07-21 17:16:33,605 INFO Got 72 price points
2026-07-21 17:16:33,605 INFO Making prediction...
2026-07-21 17:16:33,608 INFO Signal: HOLD | Gain: 0.000% | Mejor: $66,279.45
2026-07-21 17:16:33,609 INFO Sleeping 180s...
2026-07-21 17:19:35,728 INFO Version check: loaded=v2, registry=v0
2026-07-21 17:19:35,729 INFO Downloading prices...
2026-07-21 17:19:36,638 INFO Got 72 price points
2026-07-21 17:19:36,638 INFO Making prediction...
2026-07-21 17:19:36,644 INFO Signal: HOLD | Gain: 0.000% | Mejor: $66,257.74
2026-07-21 17:19:36,644 INFO Sleeping 180s...
2026-07-21 17:22:38,750 INFO Version check: loaded=v2, registry=v0
2026-07-21 17:22:38,751 INFO Downloading prices...
2026-07-21 17:22:39,311 INFO Got 72 price points
2026-07-21 17:22:39,312 INFO Making prediction...
2026-07-21 17:22:39,323 INFO Signal: HOLD | Gain: 0.000% | Mejor: $66,217.45
2026-07-21 17:22:39,324 INFO Sleeping 180s...
2026-07-21 17:25:41,455 INFO Version check: loaded=v2, registry=v0
2026-07-21 17:25:41,455 INFO Downloading prices...
2026-07-21 17:25:42,065 INFO Got 72 price points
2026-07-21 17:25:42,065 INFO Making prediction...
2026-07-21 17:25:42,072 INFO Signal: HOLD | Gain: 0.000% | Mejor: $66,210.91
2026-07-21 17:25:42,072 INFO Sleeping 180s...
2026-07-21 17:28:44,184 INFO Version check: loaded=v2, registry=v0
2026-07-21 17:28:44,184 INFO Downloading prices...
2026-07-21 17:28:44,565 INFO Got 72 price points
2026-07-21 17:28:44,565 INFO Making prediction...
2026-07-21 17:28:44,570 INFO Signal: HOLD | Gain: 0.000% | Mejor: $66,250.50
2026-07-21 17:28:44,570 INFO Sleeping 180s...
